<?xml version="1.0" encoding="UTF-8"?>
<!-- Generated by org.testng.reporters.JUnitReportReporter -->
<testsuite hostname="LAPTOP-K171VAOP" failures="0" tests="10" name="com.ba.guru.test.RegisterpageTest" time="5.129" errors="0" timestamp="2022-03-29T11:18:04 IST" skipped="0">
  <testcase classname="com.ba.guru.test.RegisterpageTest" name="registerpagebtn" time="1.112"/>
  <system-out/>
  <testcase classname="com.ba.guru.test.RegisterpageTest" name="EnterTilte" time="0.780"/>
  <system-out/>
  <testcase classname="com.ba.guru.test.RegisterpageTest" name="EnterPhoneno" time="0.129"/>
  <system-out/>
  <testcase classname="com.ba.guru.test.RegisterpageTest" name="EnterDateofBirth" time="0.288"/>
  <system-out/>
  <testcase classname="com.ba.guru.test.RegisterpageTest" name="EnterRadiobtn" time="0.092"/>
  <system-out/>
  <testcase classname="com.ba.guru.test.RegisterpageTest" name="EnterLicense" time="0.093"/>
  <system-out/>
  <testcase classname="com.ba.guru.test.RegisterpageTest" name="EnterOccupation" time="0.094"/>
  <system-out/>
  <testcase classname="com.ba.guru.test.RegisterpageTest" name="EnterDetails" time="0.518"/>
  <system-out/>
  <testcase classname="com.ba.guru.test.RegisterpageTest" name="EnterEmailAdress" time="0.434"/>
  <system-out/>
  <testcase classname="com.ba.guru.test.RegisterpageTest" name="Entersubmitbtn" time="1.589"/>
  <system-out/>
</testsuite> <!-- com.ba.guru.test.RegisterpageTest -->
