<?xml version="1.0" encoding="UTF-8"?>
<!-- Generated by org.testng.reporters.JUnitReportReporter -->
<testsuite hostname="LAPTOP-K171VAOP" failures="0" tests="2" name="com.ba.guru.test.LoginpageTest" time="3.311" errors="0" timestamp="2022-03-29T11:40:57 IST" skipped="0">
  <testcase classname="com.ba.guru.test.LoginpageTest" name="loginDetails" time="0.598"/>
  <system-out/>
  <testcase classname="com.ba.guru.test.LoginpageTest" name="LoginSumbit" time="2.713"/>
  <system-out/>
</testsuite> <!-- com.ba.guru.test.LoginpageTest -->
