<?xml version="1.0" encoding="UTF-8"?>
<!-- Generated by org.testng.reporters.JUnitReportReporter -->
<testsuite hostname="LAPTOP-K171VAOP" failures="0" tests="11" name="com.ba.guru.test.QuotationpageTest" time="11.042" errors="0" timestamp="2022-03-31T15:41:15 IST" skipped="0">
  <testcase classname="com.ba.guru.test.QuotationpageTest" name="clickQuationtion" time="0.327"/>
  <system-out/>
  <testcase classname="com.ba.guru.test.QuotationpageTest" name="enterBreakCover" time="0.248"/>
  <system-out/>
  <testcase classname="com.ba.guru.test.QuotationpageTest" name="enterWindScreenCover" time="0.125"/>
  <system-out/>
  <testcase classname="com.ba.guru.test.QuotationpageTest" name="entervehicledetail" time="0.640"/>
  <system-out/>
  <testcase classname="com.ba.guru.test.QuotationpageTest" name="enterParkingLocation" time="0.138"/>
  <system-out/>
  <testcase classname="com.ba.guru.test.QuotationpageTest" name="enterStartofpolicy" time="0.549"/>
  <system-out/>
  <testcase classname="com.ba.guru.test.QuotationpageTest" name="checkamount" time="0.055"/>
  <system-out/>
  <testcase classname="com.ba.guru.test.QuotationpageTest" name="ClickSaveQuotation" time="1.189"/>
  <system-out/>
  <testcase classname="com.ba.guru.test.QuotationpageTest" name="getQuationpageUrl" time="1.344"/>
  <system-out/>
  <testcase classname="com.ba.guru.test.QuotationpageTest" name="getRetrivebtn" time="4.582"/>
  <system-out/>
  <testcase classname="com.ba.guru.test.QuotationpageTest" name="ClickRetrivebtn" time="1.845"/>
  <system-out/>
</testsuite> <!-- com.ba.guru.test.QuotationpageTest -->
